Loading net-file from 'lust.net.xml'... done (779ms).
Loading additional-files from 'vtypes.add.xml'... done (2ms).
Loading additional-files from 'busstops.add.xml'... done (7ms).
Loading additional-files from 'e1detectors.add.xml'... done (36ms).
Loading additional-files from 'lust.poly.xml'... 
Warning: Environment variable SUMO_HOME is not set, schema resolution will use slow website lookups.
done (10708ms).
Loading additional-files from 'tll.static.xml'... 
Warning: Environment variable SUMO_HOME is not set, schema resolution will use slow website lookups.
done (4123ms).
Warning: Environment variable SUMO_HOME is not set, schema resolution will use slow website lookups.
Warning: Environment variable SUMO_HOME is not set, schema resolution will use slow website lookups.
Loading done.
Warning: Environment variable SUMO_HOME is not set, schema resolution will use slow website lookups.
Warning: Environment variable SUMO_HOME is not set, schema resolution will use slow website lookups.
Warning: Environment variable SUMO_HOME is not set, schema resolution will use slow website lookups.
Warning: Environment variable SUMO_HOME is not set, schema resolution will use slow website lookups.
Warning: Environment variable SUMO_HOME is not set, schema resolution will use slow website lookups.
Simulation started with time: 0.00
Performance: 
 Duration: 483632ms
 Real time factor: 48.6486
 UPS: 28036.821385
Vehicles: 
 Inserted: 24938 (Loaded: 25751)
 Running: 2997
 Waiting: 7

DijkstraRouter answered 38670 queries and explored 1879.86 edges on average.
DijkstraRouter spent 42055ms answering queries (1.09ms on average).
